<?xml version="1.0" encoding="UTF-8"?>
<!-- Generated by org.testng.reporters.JUnitXMLReporter -->
<testsuite ignored="0" hostname="DESKTOP-VQJDNMF" failures="0" tests="7" name="Test" time="0.081" errors="0" timestamp="2022-09-06T10:38:55 IST">
  <testcase classname="demo.BasicProg" name="FirstTest" time="0.008"/>
  <testcase classname="demo.Day1" name="test1" time="0.002"/>
  <testcase classname="demo.Day1" name="test2" time="0.001"/>
  <testcase classname="demo.Day1" name="test3" time="0.001"/>
  <testcase classname="demo.Day2" name="test4" time="0.001"/>
  <testcase classname="demo.Day2" name="test5" time="0.001"/>
  <testcase classname="demo.Day2" name="test6" time="0.001"/>
</testsuite> <!-- Test -->
