<?xml version="1.0" encoding="UTF-8"?>
<testng-results ignored="0" total="7" passed="7" failed="0" skipped="0">
  <reporter-output>
  </reporter-output>
  <suite started-at="2022-09-06T10:38:55 IST" name="Suite" finished-at="2022-09-06T10:38:55 IST" duration-ms="81">
    <groups>
    </groups>
    <test started-at="2022-09-06T10:38:55 IST" name="Test" finished-at="2022-09-06T10:38:55 IST" duration-ms="81">
      <class name="demo.BasicProg">
        <test-method signature="FirstTest()[pri:0, instance:demo.BasicProg@865dd6]" started-at="2022-09-06T10:38:55 IST" name="FirstTest" finished-at="2022-09-06T10:38:55 IST" duration-ms="8" status="PASS">
          <reporter-output>
          </reporter-output>
        </test-method> <!-- FirstTest -->
      </class> <!-- demo.BasicProg -->
      <class name="demo.Day3">
        <test-method is-config="true" signature="lastExecution()[pri:0, instance:demo.Day3@b62d79]" started-at="2022-09-06T10:38:55 IST" name="lastExecution" finished-at="2022-09-06T10:38:55 IST" duration-ms="12" status="PASS">
          <reporter-output>
          </reporter-output>
        </test-method> <!-- lastExecution -->
      </class> <!-- demo.Day3 -->
      <class name="demo.Day2">
        <test-method signature="test4()[pri:0, instance:demo.Day2@2accdbb5]" started-at="2022-09-06T10:38:55 IST" name="test4" finished-at="2022-09-06T10:38:55 IST" duration-ms="1" status="PASS">
          <reporter-output>
          </reporter-output>
        </test-method> <!-- test4 -->
        <test-method signature="test5()[pri:0, instance:demo.Day2@2accdbb5]" started-at="2022-09-06T10:38:55 IST" name="test5" finished-at="2022-09-06T10:38:55 IST" duration-ms="1" status="PASS">
          <reporter-output>
          </reporter-output>
        </test-method> <!-- test5 -->
        <test-method signature="test6()[pri:0, instance:demo.Day2@2accdbb5]" started-at="2022-09-06T10:38:55 IST" name="test6" finished-at="2022-09-06T10:38:55 IST" duration-ms="1" status="PASS">
          <reporter-output>
          </reporter-output>
        </test-method> <!-- test6 -->
      </class> <!-- demo.Day2 -->
      <class name="demo.Day1">
        <test-method signature="test1()[pri:0, instance:demo.Day1@1e6454ec]" started-at="2022-09-06T10:38:55 IST" name="test1" finished-at="2022-09-06T10:38:55 IST" duration-ms="2" status="PASS">
          <reporter-output>
          </reporter-output>
        </test-method> <!-- test1 -->
        <test-method signature="test2()[pri:0, instance:demo.Day1@1e6454ec]" started-at="2022-09-06T10:38:55 IST" name="test2" finished-at="2022-09-06T10:38:55 IST" duration-ms="1" status="PASS">
          <reporter-output>
          </reporter-output>
        </test-method> <!-- test2 -->
        <test-method signature="test3()[pri:0, instance:demo.Day1@1e6454ec]" started-at="2022-09-06T10:38:55 IST" name="test3" finished-at="2022-09-06T10:38:55 IST" duration-ms="1" status="PASS">
          <reporter-output>
          </reporter-output>
        </test-method> <!-- test3 -->
        <test-method is-config="true" signature="lastExecution()[pri:0, instance:demo.Day1@1e6454ec]" started-at="2022-09-06T10:38:55 IST" name="lastExecution" finished-at="2022-09-06T10:38:55 IST" duration-ms="0" status="PASS">
          <reporter-output>
          </reporter-output>
        </test-method> <!-- lastExecution -->
      </class> <!-- demo.Day1 -->
    </test> <!-- Test -->
  </suite> <!-- Suite -->
</testng-results>
